TN:
SF:lib/src/app/core/extension/decimal_number.dart
FNF:0
FNH:0
DA:7,1
DA:8,1
LF:2
LH:2
end_of_record
TN:
SF:lib/src/app/core/usercases/usecase.dart
FNF:0
FNH:0
DA:11,1
DA:12,1
LF:2
LH:2
end_of_record
TN:
SF:lib/src/app/feature/cart/data/repository/cart_repo_impl.dart
FNF:0
FNH:0
DA:6,2
DA:11,1
DA:13,2
DA:16,1
DA:20,1
DA:25,1
DA:26,2
LF:7
LH:7
end_of_record
TN:
SF:lib/src/app/feature/cart/data/resources/cart_resources.dart
FNF:0
FNH:0
DA:4,3
LF:1
LH:1
end_of_record
TN:
SF:lib/src/app/feature/cart/domain/usecases/add_to_cart.dart
FNF:0
FNH:0
DA:8,2
DA:14,2
DA:15,6
LF:3
LH:3
end_of_record
TN:
SF:lib/src/app/feature/cart/domain/usecases/get_cart.dart
FNF:0
FNH:0
DA:8,2
DA:13,2
DA:15,4
LF:3
LH:3
end_of_record
TN:
SF:lib/src/app/feature/cart/domain/usecases/post_cart.dart
FNF:0
FNH:0
DA:8,2
DA:14,2
DA:15,6
LF:3
LH:3
end_of_record
TN:
SF:lib/src/app/feature/cart/presentation/bloc/cart_bloc.dart
FNF:0
FNH:0
DA:17,1
DA:24,1
DA:31,1
DA:34,2
DA:35,1
DA:36,1
DA:39,4
DA:42,1
DA:45,2
DA:47,3
DA:50,1
DA:51,1
DA:53,1
DA:54,2
DA:55,2
DA:56,1
DA:57,6
DA:58,3
DA:60,1
DA:65,3
DA:66,2
DA:68,1
DA:69,1
DA:71,1
DA:72,2
DA:73,2
DA:74,2
DA:75,1
DA:77,1
DA:78,5
DA:79,4
DA:82,1
DA:87,3
DA:88,2
DA:90,1
DA:91,1
DA:92,4
DA:95,3
DA:96,2
DA:98,1
DA:99,1
DA:103,7
DA:104,3
DA:105,1
DA:107,3
LF:45
LH:45
end_of_record
TN:
SF:lib/src/app/feature/product/data/repository/product_repo_impl.dart
FNF:0
FNH:0
DA:6,2
DA:11,1
DA:13,2
DA:16,1
LF:4
LH:4
end_of_record
TN:
SF:lib/src/app/feature/product/data/resources/product_resource.dart
FNF:0
FNH:0
DA:4,6
DA:5,2
DA:14,2
DA:23,2
DA:31,2
DA:39,2
LF:6
LH:6
end_of_record
TN:
SF:lib/src/app/feature/product/domain/entity/product_model.dart
FNF:0
FNH:0
DA:15,1
DA:16,1
LF:2
LH:2
end_of_record
TN:
SF:lib/src/app/feature/product/domain/usecases/get_product.dart
FNF:0
FNH:0
DA:8,2
DA:13,2
DA:15,4
LF:3
LH:3
end_of_record
TN:
SF:lib/src/app/feature/product/presentation/bloc/product_bloc.dart
FNF:0
FNH:0
DA:16,1
DA:18,1
DA:20,1
DA:26,1
DA:29,3
DA:30,1
DA:33,4
DA:36,1
DA:39,2
DA:41,3
LF:10
LH:10
end_of_record
TN:
SF:lib/src/app/feature/product_detail/data/repository/product_detail_repo_impl.dart
FNF:0
FNH:0
DA:6,2
DA:11,1
DA:12,2
DA:14,5
LF:4
LH:4
end_of_record
TN:
SF:lib/src/app/feature/product_detail/domain/usecases/get_product_detail.dart
FNF:0
FNH:0
DA:8,2
DA:13,2
DA:15,4
LF:3
LH:3
end_of_record
TN:
SF:lib/src/app/feature/product_detail/presentation/cubit/productdetail_cubit.dart
FNF:0
FNH:0
DA:12,1
DA:14,1
DA:20,1
DA:21,1
DA:24,3
DA:26,1
DA:29,2
DA:31,3
LF:8
LH:8
end_of_record
TN:
SF:lib/src/app/feature/profile/data/dataresources/user_resource.dart
FNF:0
FNH:0
DA:4,3
LF:1
LH:1
end_of_record
TN:
SF:lib/src/app/feature/profile/data/repository/profile_repo_impl.dart
FNF:0
FNH:0
DA:8,1
DA:9,1
LF:2
LH:2
end_of_record
TN:
SF:lib/src/app/feature/profile/domain/model/user.dart
FNF:0
FNH:0
DA:17,2
LF:1
LH:1
end_of_record
TN:
SF:lib/src/app/feature/profile/domain/usecases/get_user.dart
FNF:0
FNH:0
DA:9,2
DA:14,2
DA:16,4
LF:3
LH:3
end_of_record
TN:
SF:lib/src/app/feature/profile/presentation/bloc/user_bloc.dart
FNF:0
FNH:0
DA:17,1
DA:19,1
DA:21,2
DA:30,1
DA:31,1
DA:32,3
DA:36,1
DA:41,4
DA:43,2
DA:47,1
DA:48,2
DA:50,2
LF:12
LH:12
end_of_record
TN:
SF:lib/src/app/feature/profile/presentation/bloc/user_event.dart
FNF:0
FNH:0
DA:7,1
DA:8,1
LF:2
LH:2
end_of_record
TN:
SF:lib/src/app/feature/profile/presentation/bloc/user_state.dart
FNF:0
FNH:0
DA:6,7
DA:19,2
DA:23,2
DA:24,1
DA:25,2
DA:29,2
DA:30,6
DA:34,4
LF:8
LH:8
end_of_record
